<?xml version="1.0" encoding="UTF-8"?>
<!-- Generated by org.testng.reporters.JUnitReportReporter -->
<testsuite hostname="DESKTOP-U8J645I" failures="0" tests="1" name="testNG.parameters.NeedOfParameterization" time="9.560" errors="0" timestamp="2024-06-18T01:05:49 IST" skipped="0">
  <testcase classname="testNG.parameters.NeedOfParameterization" name="verifyGoogleSearch" time="9.560"/>
</testsuite> <!-- testNG.parameters.NeedOfParameterization -->
