<?xml version="1.0" encoding="UTF-8"?>
<!-- Generated by org.testng.reporters.JUnitReportReporter -->
<testsuite hostname="DESKTOP-U8J645I" failures="0" tests="3" name="testNG.parameters.NormalDataProvider" time="21.911" errors="0" timestamp="2024-06-18T01:05:49 IST" skipped="0">
  <testcase classname="testNG.parameters.NormalDataProvider" name="verifyGoogleSearch" time="7.080"/>
  <testcase classname="testNG.parameters.NormalDataProvider" name="verifyGoogleSearch" time="6.731"/>
  <testcase classname="testNG.parameters.NormalDataProvider" name="verifyGoogleSearch" time="8.100"/>
</testsuite> <!-- testNG.parameters.NormalDataProvider -->
