<?xml version="1.0" encoding="UTF-8"?>
<!-- Generated by org.testng.reporters.JUnitReportReporter -->
<testsuite hostname="DESKTOP-U8J645I" failures="0" tests="5" name="testNG.parameters.DataProviderWithExcel" time="35.194" errors="0" timestamp="2024-06-18T01:05:49 IST" skipped="0">
  <testcase classname="testNG.parameters.DataProviderWithExcel" name="verifyGoogleSearch" time="6.820"/>
  <testcase classname="testNG.parameters.DataProviderWithExcel" name="verifyGoogleSearch" time="7.112"/>
  <testcase classname="testNG.parameters.DataProviderWithExcel" name="verifyGoogleSearch" time="6.395"/>
  <testcase classname="testNG.parameters.DataProviderWithExcel" name="verifyGoogleSearch" time="6.605"/>
  <testcase classname="testNG.parameters.DataProviderWithExcel" name="verifyGoogleSearch" time="8.262"/>
</testsuite> <!-- testNG.parameters.DataProviderWithExcel -->
